{"C:\\Users\\cedua\\Dropbox\\My PC (DESKTOP-BNLV8OS)\\Downloads\\ecommerce-event-processor\\src\\consumers\\eventConsumer.js": {"path":"C:\\Users\\cedua\\Dropbox\\My PC (DESKTOP-BNLV8OS)\\Downloads\\ecommerce-event-processor\\src\\consumers\\eventConsumer.js","statementMap":{"0":{"start":{"line":1,"column":25},"end":{"line":1,"column":62}},"1":{"start":{"line":2,"column":25},"end":{"line":2,"column":60}},"2":{"start":{"line":3,"column":19},"end":{"line":3,"column":45}},"3":{"start":{"line":4,"column":23},"end":{"line":4,"column":60}},"4":{"start":{"line":6,"column":24},"end":{"line":20,"column":1}},"5":{"start":{"line":7,"column":2},"end":{"line":19,"column":23}},"6":{"start":{"line":8,"column":4},"end":{"line":18,"column":5}},"7":{"start":{"line":9,"column":6},"end":{"line":17,"column":7}},"8":{"start":{"line":10,"column":22},"end":{"line":10,"column":56}},"9":{"start":{"line":11,"column":8},"end":{"line":11,"column":57}},"10":{"start":{"line":11,"column":33},"end":{"line":11,"column":52}},"11":{"start":{"line":12,"column":8},"end":{"line":12,"column":26}},"12":{"start":{"line":13,"column":8},"end":{"line":13,"column":25}},"13":{"start":{"line":15,"column":8},"end":{"line":15,"column":66}},"14":{"start":{"line":16,"column":8},"end":{"line":16,"column":40}},"15":{"start":{"line":22,"column":0},"end":{"line":22,"column":37}}},"fnMap":{"0":{"name":"(anonymous_0)","decl":{"start":{"line":6,"column":24},"end":{"line":6,"column":25}},"loc":{"start":{"line":6,"column":50},"end":{"line":20,"column":1}},"line":6},"1":{"name":"(anonymous_1)","decl":{"start":{"line":7,"column":25},"end":{"line":7,"column":26}},"loc":{"start":{"line":7,"column":40},"end":{"line":19,"column":3}},"line":7},"2":{"name":"(anonymous_2)","decl":{"start":{"line":11,"column":27},"end":{"line":11,"column":28}},"loc":{"start":{"line":11,"column":33},"end":{"line":11,"column":52}},"line":11}},"branchMap":{"0":{"loc":{"start":{"line":8,"column":4},"end":{"line":18,"column":5}},"type":"if","locations":[{"start":{"line":8,"column":4},"end":{"line":18,"column":5}},{"start":{},"end":{}}],"line":8}},"s":{"0":1,"1":1,"2":1,"3":1,"4":1,"5":2,"6":2,"7":2,"8":2,"9":2,"10":1,"11":1,"12":1,"13":1,"14":1,"15":1},"f":{"0":2,"1":2,"2":1},"b":{"0":[2,0]},"_coverageSchema":"1a1c01bbd47fc00a2c39e90264f33305004495a9","hash":"5f22ed384eec8b364d3875088804bb134c15192f"}
,"C:\\Users\\cedua\\Dropbox\\My PC (DESKTOP-BNLV8OS)\\Downloads\\ecommerce-event-processor\\src\\patterns\\eventBus.js": {"path":"C:\\Users\\cedua\\Dropbox\\My PC (DESKTOP-BNLV8OS)\\Downloads\\ecommerce-event-processor\\src\\patterns\\eventBus.js","statementMap":{"0":{"start":{"line":1,"column":21},"end":{"line":1,"column":38}},"1":{"start":{"line":5,"column":17},"end":{"line":5,"column":31}},"2":{"start":{"line":8,"column":0},"end":{"line":10,"column":3}},"3":{"start":{"line":9,"column":4},"end":{"line":9,"column":68}},"4":{"start":{"line":12,"column":0},"end":{"line":12,"column":30}}},"fnMap":{"0":{"name":"(anonymous_0)","decl":{"start":{"line":8,"column":30},"end":{"line":8,"column":31}},"loc":{"start":{"line":8,"column":41},"end":{"line":10,"column":1}},"line":8}},"branchMap":{},"s":{"0":3,"1":3,"2":3,"3":3,"4":3},"f":{"0":3},"b":{},"_coverageSchema":"1a1c01bbd47fc00a2c39e90264f33305004495a9","hash":"c8a39de60bb932044e9e9fd6c999b61e76964cd6"}
,"C:\\Users\\cedua\\Dropbox\\My PC (DESKTOP-BNLV8OS)\\Downloads\\ecommerce-event-processor\\src\\patterns\\factory.js": {"path":"C:\\Users\\cedua\\Dropbox\\My PC (DESKTOP-BNLV8OS)\\Downloads\\ecommerce-event-processor\\src\\patterns\\factory.js","statementMap":{"0":{"start":{"line":3,"column":8},"end":{"line":3,"column":63}},"1":{"start":{"line":9,"column":8},"end":{"line":9,"column":70}},"2":{"start":{"line":15,"column":8},"end":{"line":22,"column":9}},"3":{"start":{"line":17,"column":16},"end":{"line":17,"column":42}},"4":{"start":{"line":19,"column":16},"end":{"line":19,"column":44}},"5":{"start":{"line":21,"column":16},"end":{"line":21,"column":72}},"6":{"start":{"line":26,"column":0},"end":{"line":26,"column":41}}},"fnMap":{"0":{"name":"(anonymous_0)","decl":{"start":{"line":2,"column":4},"end":{"line":2,"column":5}},"loc":{"start":{"line":2,"column":24},"end":{"line":4,"column":5}},"line":2},"1":{"name":"(anonymous_1)","decl":{"start":{"line":8,"column":4},"end":{"line":8,"column":5}},"loc":{"start":{"line":8,"column":24},"end":{"line":10,"column":5}},"line":8},"2":{"name":"(anonymous_2)","decl":{"start":{"line":14,"column":4},"end":{"line":14,"column":5}},"loc":{"start":{"line":14,"column":31},"end":{"line":23,"column":5}},"line":14}},"branchMap":{"0":{"loc":{"start":{"line":15,"column":8},"end":{"line":22,"column":9}},"type":"switch","locations":[{"start":{"line":16,"column":12},"end":{"line":17,"column":42}},{"start":{"line":18,"column":12},"end":{"line":19,"column":44}},{"start":{"line":20,"column":12},"end":{"line":21,"column":72}}],"line":15}},"s":{"0":3,"1":1,"2":5,"3":3,"4":1,"5":1,"6":3},"f":{"0":3,"1":1,"2":5},"b":{"0":[3,1,1]},"_coverageSchema":"1a1c01bbd47fc00a2c39e90264f33305004495a9","hash":"74691eee738accb7e6314ea49cad4d34e655cae0"}
,"C:\\Users\\cedua\\Dropbox\\My PC (DESKTOP-BNLV8OS)\\Downloads\\ecommerce-event-processor\\src\\patterns\\retryHandler.js": {"path":"C:\\Users\\cedua\\Dropbox\\My PC (DESKTOP-BNLV8OS)\\Downloads\\ecommerce-event-processor\\src\\patterns\\retryHandler.js","statementMap":{"0":{"start":{"line":1,"column":19},"end":{"line":1,"column":45}},"1":{"start":{"line":3,"column":14},"end":{"line":3,"column":71}},"2":{"start":{"line":3,"column":22},"end":{"line":3,"column":71}},"3":{"start":{"line":3,"column":47},"end":{"line":3,"column":70}},"4":{"start":{"line":5,"column":21},"end":{"line":15,"column":1}},"5":{"start":{"line":6,"column":2},"end":{"line":13,"column":3}},"6":{"start":{"line":6,"column":15},"end":{"line":6,"column":16}},"7":{"start":{"line":7,"column":4},"end":{"line":12,"column":5}},"8":{"start":{"line":8,"column":6},"end":{"line":8,"column":24}},"9":{"start":{"line":10,"column":6},"end":{"line":10,"column":62}},"10":{"start":{"line":11,"column":6},"end":{"line":11,"column":37}},"11":{"start":{"line":14,"column":2},"end":{"line":14,"column":51}},"12":{"start":{"line":17,"column":0},"end":{"line":17,"column":34}}},"fnMap":{"0":{"name":"(anonymous_0)","decl":{"start":{"line":3,"column":14},"end":{"line":3,"column":15}},"loc":{"start":{"line":3,"column":22},"end":{"line":3,"column":71}},"line":3},"1":{"name":"(anonymous_1)","decl":{"start":{"line":3,"column":34},"end":{"line":3,"column":35}},"loc":{"start":{"line":3,"column":47},"end":{"line":3,"column":70}},"line":3},"2":{"name":"(anonymous_2)","decl":{"start":{"line":5,"column":21},"end":{"line":5,"column":22}},"loc":{"start":{"line":5,"column":64},"end":{"line":15,"column":1}},"line":5}},"branchMap":{"0":{"loc":{"start":{"line":5,"column":32},"end":{"line":5,"column":43}},"type":"default-arg","locations":[{"start":{"line":5,"column":42},"end":{"line":5,"column":43}}],"line":5},"1":{"loc":{"start":{"line":5,"column":45},"end":{"line":5,"column":59}},"type":"default-arg","locations":[{"start":{"line":5,"column":55},"end":{"line":5,"column":59}}],"line":5}},"s":{"0":1,"1":1,"2":2,"3":2,"4":1,"5":2,"6":2,"7":3,"8":3,"9":2,"10":2,"11":1,"12":1},"f":{"0":2,"1":2,"2":2},"b":{"0":[0],"1":[2]},"_coverageSchema":"1a1c01bbd47fc00a2c39e90264f33305004495a9","hash":"231200be3a146db5740d54b852e1a7f79de43d55"}
,"C:\\Users\\cedua\\Dropbox\\My PC (DESKTOP-BNLV8OS)\\Downloads\\ecommerce-event-processor\\src\\patterns\\strategy.js": {"path":"C:\\Users\\cedua\\Dropbox\\My PC (DESKTOP-BNLV8OS)\\Downloads\\ecommerce-event-processor\\src\\patterns\\strategy.js","statementMap":{"0":{"start":{"line":3,"column":4},"end":{"line":10,"column":5}},"1":{"start":{"line":5,"column":8},"end":{"line":5,"column":46}},"2":{"start":{"line":7,"column":8},"end":{"line":7,"column":41}},"3":{"start":{"line":9,"column":8},"end":{"line":9,"column":56}},"4":{"start":{"line":14,"column":4},"end":{"line":14,"column":50}},"5":{"start":{"line":18,"column":4},"end":{"line":18,"column":57}},"6":{"start":{"line":22,"column":0},"end":{"line":22,"column":37}}},"fnMap":{"0":{"name":"(anonymous_0)","decl":{"start":{"line":2,"column":2},"end":{"line":2,"column":3}},"loc":{"start":{"line":2,"column":23},"end":{"line":11,"column":3}},"line":2},"1":{"name":"(anonymous_1)","decl":{"start":{"line":13,"column":2},"end":{"line":13,"column":3}},"loc":{"start":{"line":13,"column":34},"end":{"line":15,"column":3}},"line":13},"2":{"name":"(anonymous_2)","decl":{"start":{"line":17,"column":2},"end":{"line":17,"column":3}},"loc":{"start":{"line":17,"column":29},"end":{"line":19,"column":3}},"line":17}},"branchMap":{"0":{"loc":{"start":{"line":3,"column":4},"end":{"line":10,"column":5}},"type":"switch","locations":[{"start":{"line":4,"column":6},"end":{"line":5,"column":46}},{"start":{"line":6,"column":6},"end":{"line":7,"column":41}},{"start":{"line":8,"column":6},"end":{"line":9,"column":56}}],"line":3}},"s":{"0":5,"1":3,"2":1,"3":1,"4":3,"5":1,"6":3},"f":{"0":5,"1":3,"2":1},"b":{"0":[3,1,1]},"_coverageSchema":"1a1c01bbd47fc00a2c39e90264f33305004495a9","hash":"ab395f38351cb52ff719f7bc2dae01726e16e37b"}
,"C:\\Users\\cedua\\Dropbox\\My PC (DESKTOP-BNLV8OS)\\Downloads\\ecommerce-event-processor\\src\\services\\batchProcessor.js": {"path":"C:\\Users\\cedua\\Dropbox\\My PC (DESKTOP-BNLV8OS)\\Downloads\\ecommerce-event-processor\\src\\services\\batchProcessor.js","statementMap":{"0":{"start":{"line":1,"column":19},"end":{"line":1,"column":45}},"1":{"start":{"line":2,"column":12},"end":{"line":2,"column":14}},"2":{"start":{"line":4,"column":19},"end":{"line":6,"column":1}},"3":{"start":{"line":5,"column":2},"end":{"line":5,"column":20}},"4":{"start":{"line":8,"column":21},"end":{"line":21,"column":1}},"5":{"start":{"line":9,"column":2},"end":{"line":9,"column":33}},"6":{"start":{"line":9,"column":26},"end":{"line":9,"column":33}},"7":{"start":{"line":11,"column":2},"end":{"line":11,"column":62}},"8":{"start":{"line":12,"column":2},"end":{"line":20,"column":3}},"9":{"start":{"line":13,"column":4},"end":{"line":15,"column":5}},"10":{"start":{"line":14,"column":6},"end":{"line":14,"column":49}},"11":{"start":{"line":17,"column":4},"end":{"line":17,"column":58}},"12":{"start":{"line":19,"column":4},"end":{"line":19,"column":15}},"13":{"start":{"line":23,"column":0},"end":{"line":23,"column":46}}},"fnMap":{"0":{"name":"(anonymous_0)","decl":{"start":{"line":4,"column":19},"end":{"line":4,"column":20}},"loc":{"start":{"line":4,"column":30},"end":{"line":6,"column":1}},"line":4},"1":{"name":"(anonymous_1)","decl":{"start":{"line":8,"column":21},"end":{"line":8,"column":22}},"loc":{"start":{"line":8,"column":33},"end":{"line":21,"column":1}},"line":8}},"branchMap":{"0":{"loc":{"start":{"line":9,"column":2},"end":{"line":9,"column":33}},"type":"if","locations":[{"start":{"line":9,"column":2},"end":{"line":9,"column":33}},{"start":{},"end":{}}],"line":9}},"s":{"0":2,"1":2,"2":2,"3":3,"4":2,"5":2,"6":1,"7":1,"8":1,"9":1,"10":2,"11":0,"12":1,"13":2},"f":{"0":3,"1":2},"b":{"0":[1,1]},"_coverageSchema":"1a1c01bbd47fc00a2c39e90264f33305004495a9","hash":"3f63219463f0cbadc1a50bdff3de2138a23c4859"}
,"C:\\Users\\cedua\\Dropbox\\My PC (DESKTOP-BNLV8OS)\\Downloads\\ecommerce-event-processor\\src\\services\\eventProcessor.js": {"path":"C:\\Users\\cedua\\Dropbox\\My PC (DESKTOP-BNLV8OS)\\Downloads\\ecommerce-event-processor\\src\\services\\eventProcessor.js","statementMap":{"0":{"start":{"line":1,"column":28},"end":{"line":1,"column":59}},"1":{"start":{"line":2,"column":32},"end":{"line":2,"column":62}},"2":{"start":{"line":3,"column":19},"end":{"line":3,"column":45}},"3":{"start":{"line":4,"column":21},"end":{"line":4,"column":52}},"4":{"start":{"line":6,"column":21},"end":{"line":17,"column":1}},"5":{"start":{"line":7,"column":18},"end":{"line":7,"column":63}},"6":{"start":{"line":8,"column":24},"end":{"line":8,"column":51}},"7":{"start":{"line":9,"column":2},"end":{"line":9,"column":55}},"8":{"start":{"line":11,"column":26},"end":{"line":11,"column":47}},"9":{"start":{"line":12,"column":25},"end":{"line":12,"column":61}},"10":{"start":{"line":13,"column":2},"end":{"line":13,"column":57}},"11":{"start":{"line":16,"column":2},"end":{"line":16,"column":41}},"12":{"start":{"line":19,"column":0},"end":{"line":19,"column":34}}},"fnMap":{"0":{"name":"(anonymous_0)","decl":{"start":{"line":6,"column":21},"end":{"line":6,"column":22}},"loc":{"start":{"line":6,"column":38},"end":{"line":17,"column":1}},"line":6}},"branchMap":{},"s":{"0":2,"1":2,"2":2,"3":2,"4":2,"5":2,"6":2,"7":2,"8":2,"9":2,"10":2,"11":2,"12":2},"f":{"0":2},"b":{},"_coverageSchema":"1a1c01bbd47fc00a2c39e90264f33305004495a9","hash":"263b76d5361786818bf139286e9346d2e59d61be"}
,"C:\\Users\\cedua\\Dropbox\\My PC (DESKTOP-BNLV8OS)\\Downloads\\ecommerce-event-processor\\src\\utils\\logger.js": {"path":"C:\\Users\\cedua\\Dropbox\\My PC (DESKTOP-BNLV8OS)\\Downloads\\ecommerce-event-processor\\src\\utils\\logger.js","statementMap":{"0":{"start":{"line":1,"column":13},"end":{"line":1,"column":28}},"1":{"start":{"line":2,"column":15},"end":{"line":2,"column":38}},"2":{"start":{"line":4,"column":0},"end":{"line":4,"column":28}}},"fnMap":{},"branchMap":{},"s":{"0":4,"1":4,"2":4},"f":{},"b":{},"_coverageSchema":"1a1c01bbd47fc00a2c39e90264f33305004495a9","hash":"583b649852f459379e4b0027d854d746d09f26e6"}
}
