TN:
SF:src\consumers\eventConsumer.js
FN:6,(anonymous_0)
FN:7,(anonymous_1)
FN:11,(anonymous_2)
FNF:3
FNH:3
FNDA:2,(anonymous_0)
FNDA:2,(anonymous_1)
FNDA:1,(anonymous_2)
DA:1,1
DA:2,1
DA:3,1
DA:4,1
DA:6,1
DA:7,2
DA:8,2
DA:9,2
DA:10,2
DA:11,2
DA:12,1
DA:13,1
DA:15,1
DA:16,1
DA:22,1
LF:15
LH:15
BRDA:8,0,0,2
BRDA:8,0,1,0
BRF:2
BRH:1
end_of_record
TN:
SF:src\patterns\eventBus.js
FN:8,(anonymous_0)
FNF:1
FNH:1
FNDA:3,(anonymous_0)
DA:1,3
DA:5,3
DA:8,3
DA:9,3
DA:12,3
LF:5
LH:5
BRF:0
BRH:0
end_of_record
TN:
SF:src\patterns\factory.js
FN:2,(anonymous_0)
FN:8,(anonymous_1)
FN:14,(anonymous_2)
FNF:3
FNH:3
FNDA:3,(anonymous_0)
FNDA:1,(anonymous_1)
FNDA:5,(anonymous_2)
DA:3,3
DA:9,1
DA:15,5
DA:17,3
DA:19,1
DA:21,1
DA:26,3
LF:7
LH:7
BRDA:15,0,0,3
BRDA:15,0,1,1
BRDA:15,0,2,1
BRF:3
BRH:3
end_of_record
TN:
SF:src\patterns\retryHandler.js
FN:3,(anonymous_0)
FN:3,(anonymous_1)
FN:5,(anonymous_2)
FNF:3
FNH:3
FNDA:2,(anonymous_0)
FNDA:2,(anonymous_1)
FNDA:2,(anonymous_2)
DA:1,1
DA:3,2
DA:5,1
DA:6,2
DA:7,3
DA:8,3
DA:10,2
DA:11,2
DA:14,1
DA:17,1
LF:10
LH:10
BRDA:5,0,0,0
BRDA:5,1,0,2
BRF:2
BRH:1
end_of_record
TN:
SF:src\patterns\strategy.js
FN:2,(anonymous_0)
FN:13,(anonymous_1)
FN:17,(anonymous_2)
FNF:3
FNH:3
FNDA:5,(anonymous_0)
FNDA:3,(anonymous_1)
FNDA:1,(anonymous_2)
DA:3,5
DA:5,3
DA:7,1
DA:9,1
DA:14,3
DA:18,1
DA:22,3
LF:7
LH:7
BRDA:3,0,0,3
BRDA:3,0,1,1
BRDA:3,0,2,1
BRF:3
BRH:3
end_of_record
TN:
SF:src\services\batchProcessor.js
FN:4,(anonymous_0)
FN:8,(anonymous_1)
FNF:2
FNH:2
FNDA:3,(anonymous_0)
FNDA:2,(anonymous_1)
DA:1,2
DA:2,2
DA:4,2
DA:5,3
DA:8,2
DA:9,2
DA:11,1
DA:12,1
DA:13,1
DA:14,2
DA:17,0
DA:19,1
DA:23,2
LF:13
LH:12
BRDA:9,0,0,1
BRDA:9,0,1,1
BRF:2
BRH:2
end_of_record
TN:
SF:src\services\eventProcessor.js
FN:6,(anonymous_0)
FNF:1
FNH:1
FNDA:2,(anonymous_0)
DA:1,2
DA:2,2
DA:3,2
DA:4,2
DA:6,2
DA:7,2
DA:8,2
DA:9,2
DA:11,2
DA:12,2
DA:13,2
DA:16,2
DA:19,2
LF:13
LH:13
BRF:0
BRH:0
end_of_record
TN:
SF:src\utils\logger.js
FNF:0
FNH:0
DA:1,4
DA:2,4
DA:4,4
LF:3
LH:3
BRF:0
BRH:0
end_of_record
